         ps                              clock      instruction           pcout        s_regDout        s_regSout        s_regAout  sel  sel             outM  writeM              inM             
     505000                                  1 0000000000000001 000000000000001 0000000000000000 0000000000000000 0000000000000001    0    0 0000000000000000       0 0000000000000000 
     515000                                  1 1101101111000000 000000000000010 0000000000000000 0000000000000000 0000000000000001    0    1 0000000000000010       0 0000000000000000 
     525000                                  1 0000000000010000 000000000000011 0000000000000000 0000000000000000 0000000000000010    0    0 0000000000000000       0 0000000000000000 
     535000                                  1 0000000000000011 000000000000100 0000000000000000 0000000000000000 0000000000010000    0    0 0000000000000000       0 0000000000000000 
     545000                                  1 1100011000000111 000000000000101 0000000000000000 0000000000000000 0000000000000011    0    1 0000000000000000       0 0000000000000000 
     555000                                  1 1101010100000000 000000000000011 0000000000000000 0000000000000000 0000000000000011    0    1 0000000000000000       0 0000000000000000 
     565000                                  1 0000000000000011 000000000000100 0000000000000000 0000000000000000 0000000000000011    0    0 0000000000000000       0 0000000000000000 
     575000                                  1 1100011000000111 000000000000101 0000000000000000 0000000000000000 0000000000000011    0    1 0000000000000000       0 0000000000000000 
     585000                                  1 1101010100000000 000000000000011 0000000000000000 0000000000000000 0000000000000011    0    1 0000000000000000       0 0000000000000000 
     595000                                  1 0000000000000011 000000000000100 0000000000000000 0000000000000000 0000000000000011    0    0 0000000000000000       0 0000000000000000 
     605000                                  1 1100011000000111 000000000000101 0000000000000000 0000000000000000 0000000000000011    0    1 0000000000000000       0 0000000000000000 
     615000                                  1 1101010100000000 000000000000011 0000000000000000 0000000000000000 0000000000000011    0    1 0000000000000000       0 0000000000000000 
     625000                                  1 0000000000000011 000000000000100 0000000000000000 0000000000000000 0000000000000011    0    0 0000000000000000       0 0000000000000000 
     635000                                  1 1100011000000111 000000000000101 0000000000000000 0000000000000000 0000000000000011    0    1 0000000000000000       0 0000000000000000 
     645000                                  1 1101010100000000 000000000000011 0000000000000000 0000000000000000 0000000000000011    0    1 0000000000000000       0 0000000000000000 
     655000                                  1 0000000000000011 000000000000100 0000000000000000 0000000000000000 0000000000000011    0    0 0000000000000000       0 0000000000000000 
     665000                                  1 1100011000000111 000000000000101 0000000000000000 0000000000000000 0000000000000011    0    1 0000000000000000       0 0000000000000000 
     675000                                  1 1101010100000000 000000000000011 0000000000000000 0000000000000000 0000000000000011    0    1 0000000000000000       0 0000000000000000 
     685000                                  1 0000000000000011 000000000000100 0000000000000000 0000000000000000 0000000000000011    0    0 0000000000000000       0 0000000000000000 
     695000                                  1 1100011000000111 000000000000101 0000000000000000 0000000000000000 0000000000000011    0    1 0000000000000000       0 0000000000000000 
     705000                                  1 1101010100000000 000000000000011 0000000000000000 0000000000000000 0000000000000011    0    1 0000000000000000       0 0000000000000000 
     715000                                  1 0000000000000011 000000000000100 0000000000000000 0000000000000000 0000000000000011    0    0 0000000000000000       0 0000000000000000 
     725000                                  1 1100011000000111 000000000000101 0000000000000000 0000000000000000 0000000000000011    0    1 0000000000000000       0 0000000000000000 
     735000                                  1 1101010100000000 000000000000011 0000000000000000 0000000000000000 0000000000000011    0    1 0000000000000000       0 0000000000000000 
     745000                                  1 0000000000000011 000000000000100 0000000000000000 0000000000000000 0000000000000011    0    0 0000000000000000       0 0000000000000000 
     755000                                  1 1100011000000111 000000000000101 0000000000000000 0000000000000000 0000000000000011    0    1 0000000000000000       0 0000000000000000 
     765000                                  1 1101010100000000 000000000000011 0000000000000000 0000000000000000 0000000000000011    0    1 0000000000000000       0 0000000000000000 
     775000                                  1 0000000000000011 000000000000100 0000000000000000 0000000000000000 0000000000000011    0    0 0000000000000000       0 0000000000000000 
     785000                                  1 1100011000000111 000000000000101 0000000000000000 0000000000000000 0000000000000011    0    1 0000000000000000       0 0000000000000000 
     795000                                  1 1101010100000000 000000000000011 0000000000000000 0000000000000000 0000000000000011    0    1 0000000000000000       0 0000000000000000 
     805000                                  1 0000000000000011 000000000000100 0000000000000000 0000000000000000 0000000000000011    0    0 0000000000000000       0 0000000000000000 
     815000                                  1 1100011000000111 000000000000101 0000000000000000 0000000000000000 0000000000000011    0    1 0000000000000000       0 0000000000000000 
     825000                                  1 1101010100000000 000000000000011 0000000000000000 0000000000000000 0000000000000011    0    1 0000000000000000       0 0000000000000000 
     835000                                  1 0000000000000011 000000000000100 0000000000000000 0000000000000000 0000000000000011    0    0 0000000000000000       0 0000000000000000 
     845000                                  1 1100011000000111 000000000000101 0000000000000000 0000000000000000 0000000000000011    0    1 0000000000000000       0 0000000000000000 
     855000                                  1 1101010100000000 000000000000011 0000000000000000 0000000000000000 0000000000000011    0    1 0000000000000000       0 0000000000000000 
     865000                                  1 0000000000000011 000000000000100 0000000000000000 0000000000000000 0000000000000011    0    0 0000000000000000       0 0000000000000000 
     875000                                  1 1100011000000111 000000000000101 0000000000000000 0000000000000000 0000000000000011    0    1 0000000000000000       0 0000000000000000 
     885000                                  1 1101010100000000 000000000000011 0000000000000000 0000000000000000 0000000000000011    0    1 0000000000000000       0 0000000000000000 
     895000                                  1 0000000000000011 000000000000100 0000000000000000 0000000000000000 0000000000000011    0    0 0000000000000000       0 0000000000000000 
     905000                                  1 1100011000000111 000000000000101 0000000000000000 0000000000000000 0000000000000011    0    1 0000000000000000       0 0000000000000000 
     915000                                  1 1101010100000000 000000000000011 0000000000000000 0000000000000000 0000000000000011    0    1 0000000000000000       0 0000000000000000 
     925000                                  1 0000000000000011 000000000000100 0000000000000000 0000000000000000 0000000000000011    0    0 0000000000000000       0 0000000000000000 
     935000                                  1 1100011000000111 000000000000101 0000000000000000 0000000000000000 0000000000000011    0    1 0000000000000000       0 0000000000000000 
     945000                                  1 1101010100000000 000000000000011 0000000000000000 0000000000000000 0000000000000011    0    1 0000000000000000       0 0000000000000000 
     955000                                  1 0000000000000011 000000000000100 0000000000000000 0000000000000000 0000000000000011    0    0 0000000000000000       0 0000000000000000 
     965000                                  1 1100011000000111 000000000000101 0000000000000000 0000000000000000 0000000000000011    0    1 0000000000000000       0 0000000000000000 
     975000                                  1 1101010100000000 000000000000011 0000000000000000 0000000000000000 0000000000000011    0    1 0000000000000000       0 0000000000000000 
     985000                                  1 0000000000000011 000000000000100 0000000000000000 0000000000000000 0000000000000011    0    0 0000000000000000       0 0000000000000000 
     995000                                  1 1100011000000111 000000000000101 0000000000000000 0000000000000000 0000000000000011    0    1 0000000000000000       0 0000000000000000 
    1005000                                  1 1101010100000000 000000000000011 0000000000000000 0000000000000000 0000000000000011    0    1 0000000000000000       0 0000000000000000 
