Flow report for DE0_CV_Default
Fri Apr 20 00:33:19 2018
Quartus Prime Version 17.0.0 Build 595 04/25/2017 SJ Lite Edition


---------------------
; Table of Contents ;
---------------------
  1. Legal Notice
  2. Flow Summary
  3. Flow Settings
  4. Flow Non-Default Global Settings
  5. Flow Elapsed Time
  6. Flow OS Summary
  7. Flow Log
  8. Flow Messages
  9. Flow Suppressed Messages



----------------
; Legal Notice ;
----------------
Copyright (C) 2017  Intel Corporation. All rights reserved.
Your use of Intel Corporation's design tools, logic functions 
and other software and tools, and its AMPP partner logic 
functions, and any output files from any of the foregoing 
(including device programming or simulation files), and any 
associated documentation or information are expressly subject 
to the terms and conditions of the Intel Program License 
Subscription Agreement, the Intel Quartus Prime License Agreement,
the Intel MegaCore Function License Agreement, or other 
applicable license agreement, including, without limitation, 
that your use is for the sole purpose of programming logic 
devices manufactured by Intel and sold by Intel or its 
authorized distributors.  Please refer to the applicable 
agreement for further details.



+-------------------------------------------------------------------------------+
; Flow Summary                                                                  ;
+---------------------------------+---------------------------------------------+
; Flow Status                     ; Successful - Fri Apr 20 00:32:47 2018       ;
; Quartus Prime Version           ; 17.0.0 Build 595 04/25/2017 SJ Lite Edition ;
; Revision Name                   ; DE0_CV_Default                              ;
; Top-level Entity Name           ; Computador                                  ;
; Family                          ; Cyclone V                                   ;
; Device                          ; 5CEBA4F23C7                                 ;
; Timing Models                   ; Final                                       ;
; Logic utilization (in ALMs)     ; 613 / 18,480 ( 3 % )                        ;
; Total registers                 ; 552                                         ;
; Total pins                      ; 46 / 224 ( 21 % )                           ;
; Total virtual pins              ; 0                                           ;
; Total block memory bits         ; 647,184 / 3,153,920 ( 21 % )                ;
; Total DSP Blocks                ; 0 / 66 ( 0 % )                              ;
; Total HSSI RX PCSs              ; 0                                           ;
; Total HSSI PMA RX Deserializers ; 0                                           ;
; Total HSSI TX PCSs              ; 0                                           ;
; Total HSSI PMA TX Serializers   ; 0                                           ;
; Total PLLs                      ; 1 / 4 ( 25 % )                              ;
; Total DLLs                      ; 0 / 4 ( 0 % )                               ;
+---------------------------------+---------------------------------------------+


+-----------------------------------------+
; Flow Settings                           ;
+-------------------+---------------------+
; Option            ; Setting             ;
+-------------------+---------------------+
; Start date & time ; 04/20/2018 00:29:22 ;
; Main task         ; Compilation         ;
; Revision Name     ; DE0_CV_Default      ;
+-------------------+---------------------+


+------------------------------------------------------------------------------------------------------------------------------------------------+
; Flow Non-Default Global Settings                                                                                                               ;
+-------------------------------------+----------------------------------------+--------------------------------------+-------------+------------+
; Assignment Name                     ; Value                                  ; Default Value                        ; Entity Name ; Section Id ;
+-------------------------------------+----------------------------------------+--------------------------------------+-------------+------------+
; COMPILER_SIGNATURE_ID               ; 137098623015374.152419496206645        ; --                                   ; --          ; --         ;
; FITTER_EFFORT                       ; Standard Fit                           ; Auto Fit                             ; --          ; --         ;
; FLOW_ENABLE_RTL_VIEWER              ; On                                     ; Off                                  ; --          ; --         ;
; MAX_CORE_JUNCTION_TEMP              ; 85                                     ; --                                   ; --          ; --         ;
; MIN_CORE_JUNCTION_TEMP              ; 0                                      ; --                                   ; --          ; --         ;
; MISC_FILE                           ; ../src/rtl/Dispositivos/PLL/PLL.cmp    ; --                                   ; --          ; --         ;
; OPTIMIZATION_TECHNIQUE              ; Speed                                  ; Balanced                             ; --          ; --         ;
; OUTPUT_IO_TIMING_FAR_END_VMEAS      ; Half Signal Swing                      ; --                                   ; --          ; --         ;
; OUTPUT_IO_TIMING_FAR_END_VMEAS      ; Half Signal Swing                      ; --                                   ; --          ; --         ;
; OUTPUT_IO_TIMING_NEAR_END_VMEAS     ; Half Vccio                             ; --                                   ; --          ; --         ;
; OUTPUT_IO_TIMING_NEAR_END_VMEAS     ; Half Vccio                             ; --                                   ; --          ; --         ;
; PARTITION_COLOR                     ; -- (Not supported for targeted family) ; --                                   ; Computador  ; Top        ;
; PARTITION_FITTER_PRESERVATION_LEVEL ; -- (Not supported for targeted family) ; --                                   ; Computador  ; Top        ;
; PARTITION_NETLIST_TYPE              ; -- (Not supported for targeted family) ; --                                   ; Computador  ; Top        ;
; POWER_BOARD_THERMAL_MODEL           ; None (CONSERVATIVE)                    ; --                                   ; --          ; --         ;
; POWER_PRESET_COOLING_SOLUTION       ; 23 MM HEAT SINK WITH 200 LFPM AIRFLOW  ; --                                   ; --          ; --         ;
; PROJECT_IP_REGENERATION_POLICY      ; ALWAYS_REGENERATE_IP                   ; SKIP_REGENERATING_IP_IF_HDL_MODIFIED ; --          ; --         ;
; SMART_RECOMPILE                     ; On                                     ; Off                                  ; --          ; --         ;
; SYNTHESIS_ONLY_QIP                  ; On                                     ; --                                   ; --          ; --         ;
; TOP_LEVEL_ENTITY                    ; Computador                             ; DE0_CV_Default                       ; --          ; --         ;
+-------------------------------------+----------------------------------------+--------------------------------------+-------------+------------+


+-------------------------------------------------------------------------------------------------------------------------------+
; Flow Elapsed Time                                                                                                             ;
+---------------------------+--------------+-------------------------+---------------------+------------------------------------+
; Module Name               ; Elapsed Time ; Average Processors Used ; Peak Virtual Memory ; Total CPU Time (on all processors) ;
+---------------------------+--------------+-------------------------+---------------------+------------------------------------+
; Analysis & Synthesis      ; 00:00:55     ; 1.0                     ; 1122 MB             ; 00:01:51                           ;
; Fitter                    ; 00:02:08     ; 1.1                     ; 1918 MB             ; 00:03:22                           ;
; Assembler                 ; 00:00:12     ; 1.0                     ; 963 MB              ; 00:00:12                           ;
; TimeQuest Timing Analyzer ; 00:00:30     ; 1.3                     ; 1195 MB             ; 00:00:35                           ;
; Total                     ; 00:03:45     ; --                      ; --                  ; 00:06:00                           ;
+---------------------------+--------------+-------------------------+---------------------+------------------------------------+


+-----------------------------------------------------------------------------------------------+
; Flow OS Summary                                                                               ;
+---------------------------+------------------+---------------+---------------+----------------+
; Module Name               ; Machine Hostname ; OS Name       ; OS Version    ; Processor type ;
+---------------------------+------------------+---------------+---------------+----------------+
; Analysis & Synthesis      ; corsi-pc         ; Manjaro Linux ; Manjaro Linux ; x86_64         ;
; Fitter                    ; corsi-pc         ; Manjaro Linux ; Manjaro Linux ; x86_64         ;
; Assembler                 ; corsi-pc         ; Manjaro Linux ; Manjaro Linux ; x86_64         ;
; TimeQuest Timing Analyzer ; corsi-pc         ; Manjaro Linux ; Manjaro Linux ; x86_64         ;
+---------------------------+------------------+---------------+---------------+----------------+


------------
; Flow Log ;
------------
quartus_map --read_settings_files=on --write_settings_files=off DE0_CV_Default -c DE0_CV_Default
quartus_fit --read_settings_files=off --write_settings_files=off DE0_CV_Default -c DE0_CV_Default
quartus_asm --read_settings_files=off --write_settings_files=off DE0_CV_Default -c DE0_CV_Default
quartus_sta DE0_CV_Default -c DE0_CV_Default



