Analysis & Synthesis report for DE0_CV_Default
Wed Mar 14 10:42:40 2018
Quartus Prime Version 17.0.0 Build 595 04/25/2017 SJ Lite Edition


---------------------
; Table of Contents ;
---------------------
  1. Legal Notice
  2. Analysis & Synthesis Summary
  3. Analysis & Synthesis Settings
  4. Parallel Compilation
  5. Analysis & Synthesis Source Files Read
  6. Analysis & Synthesis Resource Usage Summary
  7. Analysis & Synthesis Resource Utilization by Entity
  8. General Register Statistics
  9. Port Connectivity Checks: "ALU:ula0|Add16:u4|FullAdder:u15"
 10. Port Connectivity Checks: "ALU:ula0|Add16:u4|FullAdder:u0"
 11. Port Connectivity Checks: "ALU:ula0"
 12. Post-Synthesis Netlist Statistics for Top Partition
 13. Elapsed Time Per Partition
 14. Analysis & Synthesis Messages



----------------
; Legal Notice ;
----------------
Copyright (C) 2017  Intel Corporation. All rights reserved.
Your use of Intel Corporation's design tools, logic functions 
and other software and tools, and its AMPP partner logic 
functions, and any output files from any of the foregoing 
(including device programming or simulation files), and any 
associated documentation or information are expressly subject 
to the terms and conditions of the Intel Program License 
Subscription Agreement, the Intel Quartus Prime License Agreement,
the Intel MegaCore Function License Agreement, or other 
applicable license agreement, including, without limitation, 
that your use is for the sole purpose of programming logic 
devices manufactured by Intel and sold by Intel or its 
authorized distributors.  Please refer to the applicable 
agreement for further details.



+-------------------------------------------------------------------------------+
; Analysis & Synthesis Summary                                                  ;
+---------------------------------+---------------------------------------------+
; Analysis & Synthesis Status     ; Successful - Wed Mar 14 10:42:40 2018       ;
; Quartus Prime Version           ; 17.0.0 Build 595 04/25/2017 SJ Lite Edition ;
; Revision Name                   ; DE0_CV_Default                              ;
; Top-level Entity Name           ; TopLevel                                    ;
; Family                          ; Cyclone V                                   ;
; Logic utilization (in ALMs)     ; N/A                                         ;
; Total registers                 ; 0                                           ;
; Total pins                      ; 20                                          ;
; Total virtual pins              ; 0                                           ;
; Total block memory bits         ; 0                                           ;
; Total DSP Blocks                ; 0                                           ;
; Total HSSI RX PCSs              ; 0                                           ;
; Total HSSI PMA RX Deserializers ; 0                                           ;
; Total HSSI TX PCSs              ; 0                                           ;
; Total HSSI PMA TX Serializers   ; 0                                           ;
; Total PLLs                      ; 0                                           ;
; Total DLLs                      ; 0                                           ;
+---------------------------------+---------------------------------------------+


+---------------------------------------------------------------------------------------------------------------------------+
; Analysis & Synthesis Settings                                                                                             ;
+---------------------------------------------------------------------------------+--------------------+--------------------+
; Option                                                                          ; Setting            ; Default Value      ;
+---------------------------------------------------------------------------------+--------------------+--------------------+
; Device                                                                          ; 5CEBA4F23C7        ;                    ;
; Top-level entity name                                                           ; TopLevel           ; DE0_CV_Default     ;
; Family name                                                                     ; Cyclone V          ; Cyclone IV GX      ;
; Use smart compilation                                                           ; On                 ; Off                ;
; Optimization Technique                                                          ; Speed              ; Balanced           ;
; Enable parallel Assembler and TimeQuest Timing Analyzer during compilation      ; On                 ; On                 ;
; Enable compact report table                                                     ; Off                ; Off                ;
; Restructure Multiplexers                                                        ; Auto               ; Auto               ;
; MLAB Add Timing Constraints For Mixed-Port Feed-Through Mode Setting Don't Care ; Off                ; Off                ;
; Create Debugging Nodes for IP Cores                                             ; Off                ; Off                ;
; Preserve fewer node names                                                       ; On                 ; On                 ;
; OpenCore Plus hardware evaluation                                               ; Enable             ; Enable             ;
; Verilog Version                                                                 ; Verilog_2001       ; Verilog_2001       ;
; VHDL Version                                                                    ; VHDL_1993          ; VHDL_1993          ;
; State Machine Processing                                                        ; Auto               ; Auto               ;
; Safe State Machine                                                              ; Off                ; Off                ;
; Extract Verilog State Machines                                                  ; On                 ; On                 ;
; Extract VHDL State Machines                                                     ; On                 ; On                 ;
; Ignore Verilog initial constructs                                               ; Off                ; Off                ;
; Iteration limit for constant Verilog loops                                      ; 5000               ; 5000               ;
; Iteration limit for non-constant Verilog loops                                  ; 250                ; 250                ;
; Add Pass-Through Logic to Inferred RAMs                                         ; On                 ; On                 ;
; Infer RAMs from Raw Logic                                                       ; On                 ; On                 ;
; Parallel Synthesis                                                              ; On                 ; On                 ;
; DSP Block Balancing                                                             ; Auto               ; Auto               ;
; NOT Gate Push-Back                                                              ; On                 ; On                 ;
; Power-Up Don't Care                                                             ; On                 ; On                 ;
; Remove Redundant Logic Cells                                                    ; Off                ; Off                ;
; Remove Duplicate Registers                                                      ; On                 ; On                 ;
; Ignore CARRY Buffers                                                            ; Off                ; Off                ;
; Ignore CASCADE Buffers                                                          ; Off                ; Off                ;
; Ignore GLOBAL Buffers                                                           ; Off                ; Off                ;
; Ignore ROW GLOBAL Buffers                                                       ; Off                ; Off                ;
; Ignore LCELL Buffers                                                            ; Off                ; Off                ;
; Ignore SOFT Buffers                                                             ; On                 ; On                 ;
; Limit AHDL Integers to 32 Bits                                                  ; Off                ; Off                ;
; Carry Chain Length                                                              ; 70                 ; 70                 ;
; Auto Carry Chains                                                               ; On                 ; On                 ;
; Auto Open-Drain Pins                                                            ; On                 ; On                 ;
; Perform WYSIWYG Primitive Resynthesis                                           ; Off                ; Off                ;
; Auto ROM Replacement                                                            ; On                 ; On                 ;
; Auto RAM Replacement                                                            ; On                 ; On                 ;
; Auto DSP Block Replacement                                                      ; On                 ; On                 ;
; Auto Shift Register Replacement                                                 ; Auto               ; Auto               ;
; Allow Shift Register Merging across Hierarchies                                 ; Auto               ; Auto               ;
; Auto Clock Enable Replacement                                                   ; On                 ; On                 ;
; Strict RAM Replacement                                                          ; Off                ; Off                ;
; Allow Synchronous Control Signals                                               ; On                 ; On                 ;
; Force Use of Synchronous Clear Signals                                          ; Off                ; Off                ;
; Auto Resource Sharing                                                           ; Off                ; Off                ;
; Allow Any RAM Size For Recognition                                              ; Off                ; Off                ;
; Allow Any ROM Size For Recognition                                              ; Off                ; Off                ;
; Allow Any Shift Register Size For Recognition                                   ; Off                ; Off                ;
; Use LogicLock Constraints during Resource Balancing                             ; On                 ; On                 ;
; Ignore translate_off and synthesis_off directives                               ; Off                ; Off                ;
; Timing-Driven Synthesis                                                         ; On                 ; On                 ;
; Report Parameter Settings                                                       ; On                 ; On                 ;
; Report Source Assignments                                                       ; On                 ; On                 ;
; Report Connectivity Checks                                                      ; On                 ; On                 ;
; Ignore Maximum Fan-Out Assignments                                              ; Off                ; Off                ;
; Synchronization Register Chain Length                                           ; 3                  ; 3                  ;
; PowerPlay Power Optimization During Synthesis                                   ; Normal compilation ; Normal compilation ;
; HDL message level                                                               ; Level2             ; Level2             ;
; Suppress Register Optimization Related Messages                                 ; Off                ; Off                ;
; Number of Removed Registers Reported in Synthesis Report                        ; 5000               ; 5000               ;
; Number of Swept Nodes Reported in Synthesis Report                              ; 5000               ; 5000               ;
; Number of Inverted Registers Reported in Synthesis Report                       ; 100                ; 100                ;
; Clock MUX Protection                                                            ; On                 ; On                 ;
; Auto Gated Clock Conversion                                                     ; Off                ; Off                ;
; Block Design Naming                                                             ; Auto               ; Auto               ;
; SDC constraint protection                                                       ; Off                ; Off                ;
; Synthesis Effort                                                                ; Auto               ; Auto               ;
; Shift Register Replacement - Allow Asynchronous Clear Signal                    ; On                 ; On                 ;
; Pre-Mapping Resynthesis Optimization                                            ; Off                ; Off                ;
; Analysis & Synthesis Message Level                                              ; Medium             ; Medium             ;
; Disable Register Merging Across Hierarchies                                     ; Auto               ; Auto               ;
; Resource Aware Inference For Block RAM                                          ; On                 ; On                 ;
; Automatic Parallel Synthesis                                                    ; On                 ; On                 ;
; Partial Reconfiguration Bitstream ID                                            ; Off                ; Off                ;
+---------------------------------------------------------------------------------+--------------------+--------------------+


+------------------------------------------+
; Parallel Compilation                     ;
+----------------------------+-------------+
; Processors                 ; Number      ;
+----------------------------+-------------+
; Number detected on machine ; 4           ;
; Maximum allowed            ; 2           ;
;                            ;             ;
; Average used               ; 1.00        ;
; Maximum used               ; 1           ;
;                            ;             ;
; Usage by Processor         ; % Time Used ;
;     Processor 1            ; 100.0%      ;
+----------------------------+-------------+


+----------------------------------------------------------------------------------------------------------------------------------------------------------------------------------------------------------------+
; Analysis & Synthesis Source Files Read                                                                                                                                                                         ;
+-----------------------------------------------+-----------------+-----------------+------------------------------------------------------------------------------------------------------------------+---------+
; File Name with User-Entered Path              ; Used in Netlist ; File Type       ; File Name with Absolute Path                                                                                     ; Library ;
+-----------------------------------------------+-----------------+-----------------+------------------------------------------------------------------------------------------------------------------+---------+
; ../src/rtl/inversor16.vhd                     ; yes             ; User VHDL File  ; /home/corsi/Dropbox/Insper/3s-ElementoDeSistemas/4-Projetos/D-Unidade-Logica-Aritmetica/src/rtl/inversor16.vhd   ;         ;
; ../src/rtl/zerador16.vhd                      ; yes             ; User VHDL File  ; /home/corsi/Dropbox/Insper/3s-ElementoDeSistemas/4-Projetos/D-Unidade-Logica-Aritmetica/src/rtl/zerador16.vhd    ;         ;
; ../src/rtl/FullAdder.vhd                      ; yes             ; User VHDL File  ; /home/corsi/Dropbox/Insper/3s-ElementoDeSistemas/4-Projetos/D-Unidade-Logica-Aritmetica/src/rtl/FullAdder.vhd    ;         ;
; ../src/rtl/comparador16.vhd                   ; yes             ; User VHDL File  ; /home/corsi/Dropbox/Insper/3s-ElementoDeSistemas/4-Projetos/D-Unidade-Logica-Aritmetica/src/rtl/comparador16.vhd ;         ;
; ../src/rtl/ALU.vhd                            ; yes             ; User VHDL File  ; /home/corsi/Dropbox/Insper/3s-ElementoDeSistemas/4-Projetos/D-Unidade-Logica-Aritmetica/src/rtl/ALU.vhd          ;         ;
; ../src/rtl/Add16.vhd                          ; yes             ; User VHDL File  ; /home/corsi/Dropbox/Insper/3s-ElementoDeSistemas/4-Projetos/D-Unidade-Logica-Aritmetica/src/rtl/Add16.vhd        ;         ;
; ../src/TopLevel.vhd                           ; yes             ; User VHDL File  ; /home/corsi/Dropbox/Insper/3s-ElementoDeSistemas/4-Projetos/D-Unidade-Logica-Aritmetica/src/TopLevel.vhd         ;         ;
; ../../C-LogicaCombinacional/src/rtl/Mux16.vhd ; yes             ; User VHDL File  ; /home/corsi/Dropbox/Insper/3s-ElementoDeSistemas/4-Projetos/C-LogicaCombinacional/src/rtl/Mux16.vhd              ;         ;
; ../../C-LogicaCombinacional/src/rtl/And16.vhd ; yes             ; User VHDL File  ; /home/corsi/Dropbox/Insper/3s-ElementoDeSistemas/4-Projetos/C-LogicaCombinacional/src/rtl/And16.vhd              ;         ;
+-----------------------------------------------+-----------------+-----------------+------------------------------------------------------------------------------------------------------------------+---------+


+-----------------------------------------------------------+
; Analysis & Synthesis Resource Usage Summary               ;
+---------------------------------------------+-------------+
; Resource                                    ; Usage       ;
+---------------------------------------------+-------------+
; Estimate of Logic utilization (ALMs needed) ; 10          ;
;                                             ;             ;
; Combinational ALUT usage for logic          ; 10          ;
;     -- 7 input functions                    ; 0           ;
;     -- 6 input functions                    ; 10          ;
;     -- 5 input functions                    ; 0           ;
;     -- 4 input functions                    ; 0           ;
;     -- <=3 input functions                  ; 0           ;
;                                             ;             ;
; Dedicated logic registers                   ; 0           ;
;                                             ;             ;
; I/O pins                                    ; 20          ;
;                                             ;             ;
; Total DSP Blocks                            ; 0           ;
;                                             ;             ;
; Maximum fan-out node                        ; SW[5]~input ;
; Maximum fan-out                             ; 10          ;
; Total fan-out                               ; 90          ;
; Average fan-out                             ; 1.80        ;
+---------------------------------------------+-------------+


+--------------------------------------------------------------------------------------------------------------------------------------------------------------------------------------------------------+
; Analysis & Synthesis Resource Utilization by Entity                                                                                                                                                    ;
+----------------------------+---------------------+---------------------------+-------------------+------------+------+--------------+------------------------------------+--------------+--------------+
; Compilation Hierarchy Node ; Combinational ALUTs ; Dedicated Logic Registers ; Block Memory Bits ; DSP Blocks ; Pins ; Virtual Pins ; Full Hierarchy Name                ; Entity Name  ; Library Name ;
+----------------------------+---------------------+---------------------------+-------------------+------------+------+--------------+------------------------------------+--------------+--------------+
; |TopLevel                  ; 10 (0)              ; 0 (0)                     ; 0                 ; 0          ; 20   ; 0            ; |TopLevel                          ; TopLevel     ; work         ;
;    |ALU:ula0|              ; 10 (0)              ; 0 (0)                     ; 0                 ; 0          ; 0    ; 0            ; |TopLevel|ALU:ula0                 ; ALU          ; work         ;
;       |comparador16:u8|    ; 1 (1)               ; 0 (0)                     ; 0                 ; 0          ; 0    ; 0            ; |TopLevel|ALU:ula0|comparador16:u8 ; comparador16 ; work         ;
;       |inversor16:u7|      ; 9 (9)               ; 0 (0)                     ; 0                 ; 0          ; 0    ; 0            ; |TopLevel|ALU:ula0|inversor16:u7   ; inversor16   ; work         ;
+----------------------------+---------------------+---------------------------+-------------------+------------+------+--------------+------------------------------------+--------------+--------------+
Note: For table entries with two numbers listed, the numbers in parentheses indicate the number of resources of the given type used by the specific entity alone. The numbers listed outside of parentheses indicate the total resources of the given type used by the specific entity and all of its sub-entities in the hierarchy.


+------------------------------------------------------+
; General Register Statistics                          ;
+----------------------------------------------+-------+
; Statistic                                    ; Value ;
+----------------------------------------------+-------+
; Total registers                              ; 0     ;
; Number of registers using Synchronous Clear  ; 0     ;
; Number of registers using Synchronous Load   ; 0     ;
; Number of registers using Asynchronous Clear ; 0     ;
; Number of registers using Asynchronous Load  ; 0     ;
; Number of registers using Clock Enable       ; 0     ;
; Number of registers using Preset             ; 0     ;
+----------------------------------------------+-------+


+-----------------------------------------------------------------------------------------------------------------+
; Port Connectivity Checks: "ALU:ula0|Add16:u4|FullAdder:u15"                                                     ;
+-------+--------+----------+-------------------------------------------------------------------------------------+
; Port  ; Type   ; Severity ; Details                                                                             ;
+-------+--------+----------+-------------------------------------------------------------------------------------+
; vaium ; Output ; Info     ; Connected to dangling logic. Logic that only feeds a dangling port will be removed. ;
+-------+--------+----------+-------------------------------------------------------------------------------------+


+------------------------------------------------------------+
; Port Connectivity Checks: "ALU:ula0|Add16:u4|FullAdder:u0" ;
+------+-------+----------+----------------------------------+
; Port ; Type  ; Severity ; Details                          ;
+------+-------+----------+----------------------------------+
; c    ; Input ; Info     ; Stuck at GND                     ;
+------+-------+----------+----------------------------------+


+------------------------------------------------------------------------------------------------------------------------+
; Port Connectivity Checks: "ALU:ula0"                                                                                   ;
+--------------+--------+----------+-------------------------------------------------------------------------------------+
; Port         ; Type   ; Severity ; Details                                                                             ;
+--------------+--------+----------+-------------------------------------------------------------------------------------+
; x[6..4]      ; Input  ; Info     ; Stuck at VCC                                                                        ;
; x[1..0]      ; Input  ; Info     ; Stuck at VCC                                                                        ;
; x[15..7]     ; Input  ; Info     ; Stuck at GND                                                                        ;
; x[3..2]      ; Input  ; Info     ; Stuck at GND                                                                        ;
; y[4..0]      ; Input  ; Info     ; Stuck at VCC                                                                        ;
; y[15..7]     ; Input  ; Info     ; Stuck at GND                                                                        ;
; y[6]         ; Input  ; Info     ; Stuck at VCC                                                                        ;
; y[5]         ; Input  ; Info     ; Stuck at GND                                                                        ;
; saida[15..8] ; Output ; Info     ; Connected to dangling logic. Logic that only feeds a dangling port will be removed. ;
+--------------+--------+----------+-------------------------------------------------------------------------------------+


+-----------------------------------------------------+
; Post-Synthesis Netlist Statistics for Top Partition ;
+-----------------------+-----------------------------+
; Type                  ; Count                       ;
+-----------------------+-----------------------------+
; arriav_lcell_comb     ; 12                          ;
;     normal            ; 12                          ;
;         1 data inputs ; 2                           ;
;         6 data inputs ; 10                          ;
; boundary_port         ; 20                          ;
;                       ;                             ;
; Max LUT depth         ; 2.00                        ;
; Average LUT depth     ; 1.56                        ;
+-----------------------+-----------------------------+


+-------------------------------+
; Elapsed Time Per Partition    ;
+----------------+--------------+
; Partition Name ; Elapsed Time ;
+----------------+--------------+
; Top            ; 00:00:01     ;
+----------------+--------------+


+-------------------------------+
; Analysis & Synthesis Messages ;
+-------------------------------+
Info: *******************************************************************
Info: Running Quartus Prime Analysis & Synthesis
    Info: Version 17.0.0 Build 595 04/25/2017 SJ Lite Edition
    Info: Processing started: Wed Mar 14 10:42:16 2018
Info: Command: quartus_map --read_settings_files=on --write_settings_files=off DE0_CV_Default -c DE0_CV_Default
Warning (18236): Number of processors has not been specified which may cause overloading on shared machines.  Set the global assignment NUM_PARALLEL_PROCESSORS in your QSF to an appropriate value for best performance.
Info (20030): Parallel compilation is enabled and will use 2 of the 2 processors detected
Info (12021): Found 2 design units, including 1 entities, in source file /home/corsi/Dropbox/Insper/3s-ElementoDeSistemas/4-Projetos/D-Unidade-Logica-Aritmetica/src/rtl/inversor16.vhd
    Info (12022): Found design unit 1: inversor16-strucNega16 File: /home/corsi/Dropbox/Insper/3s-ElementoDeSistemas/4-Projetos/D-Unidade-Logica-Aritmetica/src/rtl/inversor16.vhd Line: 15
    Info (12023): Found entity 1: inversor16 File: /home/corsi/Dropbox/Insper/3s-ElementoDeSistemas/4-Projetos/D-Unidade-Logica-Aritmetica/src/rtl/inversor16.vhd Line: 8
Info (12021): Found 2 design units, including 1 entities, in source file /home/corsi/Dropbox/Insper/3s-ElementoDeSistemas/4-Projetos/D-Unidade-Logica-Aritmetica/src/rtl/zerador16.vhd
    Info (12022): Found design unit 1: zerador16-strucZero16 File: /home/corsi/Dropbox/Insper/3s-ElementoDeSistemas/4-Projetos/D-Unidade-Logica-Aritmetica/src/rtl/zerador16.vhd Line: 15
    Info (12023): Found entity 1: zerador16 File: /home/corsi/Dropbox/Insper/3s-ElementoDeSistemas/4-Projetos/D-Unidade-Logica-Aritmetica/src/rtl/zerador16.vhd Line: 8
Info (12021): Found 2 design units, including 1 entities, in source file /home/corsi/Dropbox/Insper/3s-ElementoDeSistemas/4-Projetos/D-Unidade-Logica-Aritmetica/src/rtl/Inc16.vhd
    Info (12022): Found design unit 1: Inc16-arch File: /home/corsi/Dropbox/Insper/3s-ElementoDeSistemas/4-Projetos/D-Unidade-Logica-Aritmetica/src/rtl/Inc16.vhd Line: 18
    Info (12023): Found entity 1: Inc16 File: /home/corsi/Dropbox/Insper/3s-ElementoDeSistemas/4-Projetos/D-Unidade-Logica-Aritmetica/src/rtl/Inc16.vhd Line: 11
Info (12021): Found 2 design units, including 1 entities, in source file /home/corsi/Dropbox/Insper/3s-ElementoDeSistemas/4-Projetos/D-Unidade-Logica-Aritmetica/src/rtl/HalfAdder.vhd
    Info (12022): Found design unit 1: HalfAdder-arch File: /home/corsi/Dropbox/Insper/3s-ElementoDeSistemas/4-Projetos/D-Unidade-Logica-Aritmetica/src/rtl/HalfAdder.vhd Line: 17
    Info (12023): Found entity 1: HalfAdder File: /home/corsi/Dropbox/Insper/3s-ElementoDeSistemas/4-Projetos/D-Unidade-Logica-Aritmetica/src/rtl/HalfAdder.vhd Line: 10
Info (12021): Found 2 design units, including 1 entities, in source file /home/corsi/Dropbox/Insper/3s-ElementoDeSistemas/4-Projetos/D-Unidade-Logica-Aritmetica/src/rtl/FullAdder.vhd
    Info (12022): Found design unit 1: FullAdder-arch File: /home/corsi/Dropbox/Insper/3s-ElementoDeSistemas/4-Projetos/D-Unidade-Logica-Aritmetica/src/rtl/FullAdder.vhd Line: 17
    Info (12023): Found entity 1: FullAdder File: /home/corsi/Dropbox/Insper/3s-ElementoDeSistemas/4-Projetos/D-Unidade-Logica-Aritmetica/src/rtl/FullAdder.vhd Line: 10
Info (12021): Found 2 design units, including 1 entities, in source file /home/corsi/Dropbox/Insper/3s-ElementoDeSistemas/4-Projetos/D-Unidade-Logica-Aritmetica/src/rtl/comparador16.vhd
    Info (12022): Found design unit 1: comparador16-strucComp16 File: /home/corsi/Dropbox/Insper/3s-ElementoDeSistemas/4-Projetos/D-Unidade-Logica-Aritmetica/src/rtl/comparador16.vhd Line: 16
    Info (12023): Found entity 1: comparador16 File: /home/corsi/Dropbox/Insper/3s-ElementoDeSistemas/4-Projetos/D-Unidade-Logica-Aritmetica/src/rtl/comparador16.vhd Line: 8
Info (12021): Found 2 design units, including 1 entities, in source file /home/corsi/Dropbox/Insper/3s-ElementoDeSistemas/4-Projetos/D-Unidade-Logica-Aritmetica/src/rtl/ALU.vhd
    Info (12022): Found design unit 1: alu-arch File: /home/corsi/Dropbox/Insper/3s-ElementoDeSistemas/4-Projetos/D-Unidade-Logica-Aritmetica/src/rtl/ALU.vhd Line: 44
    Info (12023): Found entity 1: ALU File: /home/corsi/Dropbox/Insper/3s-ElementoDeSistemas/4-Projetos/D-Unidade-Logica-Aritmetica/src/rtl/ALU.vhd Line: 29
Info (12021): Found 2 design units, including 1 entities, in source file /home/corsi/Dropbox/Insper/3s-ElementoDeSistemas/4-Projetos/D-Unidade-Logica-Aritmetica/src/rtl/Add16.vhd
    Info (12022): Found design unit 1: Add16-arch File: /home/corsi/Dropbox/Insper/3s-ElementoDeSistemas/4-Projetos/D-Unidade-Logica-Aritmetica/src/rtl/Add16.vhd Line: 19
    Info (12023): Found entity 1: Add16 File: /home/corsi/Dropbox/Insper/3s-ElementoDeSistemas/4-Projetos/D-Unidade-Logica-Aritmetica/src/rtl/Add16.vhd Line: 11
Info (12021): Found 2 design units, including 1 entities, in source file /home/corsi/Dropbox/Insper/3s-ElementoDeSistemas/4-Projetos/D-Unidade-Logica-Aritmetica/src/TopLevel.vhd
    Info (12022): Found design unit 1: TopLevel-rtl File: /home/corsi/Dropbox/Insper/3s-ElementoDeSistemas/4-Projetos/D-Unidade-Logica-Aritmetica/src/TopLevel.vhd Line: 29
    Info (12023): Found entity 1: TopLevel File: /home/corsi/Dropbox/Insper/3s-ElementoDeSistemas/4-Projetos/D-Unidade-Logica-Aritmetica/src/TopLevel.vhd Line: 19
Info (12021): Found 2 design units, including 1 entities, in source file /home/corsi/Dropbox/Insper/3s-ElementoDeSistemas/4-Projetos/C-LogicaCombinacional/src/rtl/Or16.vhd
    Info (12022): Found design unit 1: Or16-arch File: /home/corsi/Dropbox/Insper/3s-ElementoDeSistemas/4-Projetos/C-LogicaCombinacional/src/rtl/Or16.vhd Line: 15
    Info (12023): Found entity 1: Or16 File: /home/corsi/Dropbox/Insper/3s-ElementoDeSistemas/4-Projetos/C-LogicaCombinacional/src/rtl/Or16.vhd Line: 8
Info (12021): Found 2 design units, including 1 entities, in source file /home/corsi/Dropbox/Insper/3s-ElementoDeSistemas/4-Projetos/C-LogicaCombinacional/src/rtl/Or8Way.vhd
    Info (12022): Found design unit 1: Or8Way-arch File: /home/corsi/Dropbox/Insper/3s-ElementoDeSistemas/4-Projetos/C-LogicaCombinacional/src/rtl/Or8Way.vhd Line: 21
    Info (12023): Found entity 1: Or8Way File: /home/corsi/Dropbox/Insper/3s-ElementoDeSistemas/4-Projetos/C-LogicaCombinacional/src/rtl/Or8Way.vhd Line: 8
Info (12021): Found 2 design units, including 1 entities, in source file /home/corsi/Dropbox/Insper/3s-ElementoDeSistemas/4-Projetos/C-LogicaCombinacional/src/rtl/Not16.vhd
    Info (12022): Found design unit 1: Not16-arch File: /home/corsi/Dropbox/Insper/3s-ElementoDeSistemas/4-Projetos/C-LogicaCombinacional/src/rtl/Not16.vhd Line: 14
    Info (12023): Found entity 1: Not16 File: /home/corsi/Dropbox/Insper/3s-ElementoDeSistemas/4-Projetos/C-LogicaCombinacional/src/rtl/Not16.vhd Line: 8
Info (12021): Found 2 design units, including 1 entities, in source file /home/corsi/Dropbox/Insper/3s-ElementoDeSistemas/4-Projetos/C-LogicaCombinacional/src/rtl/Nor8Way.vhd
    Info (12022): Found design unit 1: Nor8Way-arch File: /home/corsi/Dropbox/Insper/3s-ElementoDeSistemas/4-Projetos/C-LogicaCombinacional/src/rtl/Nor8Way.vhd Line: 21
    Info (12023): Found entity 1: Nor8Way File: /home/corsi/Dropbox/Insper/3s-ElementoDeSistemas/4-Projetos/C-LogicaCombinacional/src/rtl/Nor8Way.vhd Line: 8
Info (12021): Found 2 design units, including 1 entities, in source file /home/corsi/Dropbox/Insper/3s-ElementoDeSistemas/4-Projetos/C-LogicaCombinacional/src/rtl/Nand.vhd
    Info (12022): Found design unit 1: nand_vhdl-main File: /home/corsi/Dropbox/Insper/3s-ElementoDeSistemas/4-Projetos/C-LogicaCombinacional/src/rtl/Nand.vhd Line: 15
    Info (12023): Found entity 1: nand_vhdl File: /home/corsi/Dropbox/Insper/3s-ElementoDeSistemas/4-Projetos/C-LogicaCombinacional/src/rtl/Nand.vhd Line: 8
Info (12021): Found 2 design units, including 1 entities, in source file /home/corsi/Dropbox/Insper/3s-ElementoDeSistemas/4-Projetos/C-LogicaCombinacional/src/rtl/Mux16.vhd
    Info (12022): Found design unit 1: Mux16-arch File: /home/corsi/Dropbox/Insper/3s-ElementoDeSistemas/4-Projetos/C-LogicaCombinacional/src/rtl/Mux16.vhd Line: 16
    Info (12023): Found entity 1: Mux16 File: /home/corsi/Dropbox/Insper/3s-ElementoDeSistemas/4-Projetos/C-LogicaCombinacional/src/rtl/Mux16.vhd Line: 8
Info (12021): Found 2 design units, including 1 entities, in source file /home/corsi/Dropbox/Insper/3s-ElementoDeSistemas/4-Projetos/C-LogicaCombinacional/src/rtl/Mux8Way16.vhd
    Info (12022): Found design unit 1: Mux8Way16-arch File: /home/corsi/Dropbox/Insper/3s-ElementoDeSistemas/4-Projetos/C-LogicaCombinacional/src/rtl/Mux8Way16.vhd Line: 22
    Info (12023): Found entity 1: Mux8Way16 File: /home/corsi/Dropbox/Insper/3s-ElementoDeSistemas/4-Projetos/C-LogicaCombinacional/src/rtl/Mux8Way16.vhd Line: 8
Info (12021): Found 2 design units, including 1 entities, in source file /home/corsi/Dropbox/Insper/3s-ElementoDeSistemas/4-Projetos/C-LogicaCombinacional/src/rtl/Mux8Way.vhd
    Info (12022): Found design unit 1: Mux8Way-arch File: /home/corsi/Dropbox/Insper/3s-ElementoDeSistemas/4-Projetos/C-LogicaCombinacional/src/rtl/Mux8Way.vhd Line: 22
    Info (12023): Found entity 1: Mux8Way File: /home/corsi/Dropbox/Insper/3s-ElementoDeSistemas/4-Projetos/C-LogicaCombinacional/src/rtl/Mux8Way.vhd Line: 8
Info (12021): Found 2 design units, including 1 entities, in source file /home/corsi/Dropbox/Insper/3s-ElementoDeSistemas/4-Projetos/C-LogicaCombinacional/src/rtl/Mux4Way16.vhd
    Info (12022): Found design unit 1: Mux4Way16-arch File: /home/corsi/Dropbox/Insper/3s-ElementoDeSistemas/4-Projetos/C-LogicaCombinacional/src/rtl/Mux4Way16.vhd Line: 18
    Info (12023): Found entity 1: Mux4Way16 File: /home/corsi/Dropbox/Insper/3s-ElementoDeSistemas/4-Projetos/C-LogicaCombinacional/src/rtl/Mux4Way16.vhd Line: 8
Info (12021): Found 2 design units, including 1 entities, in source file /home/corsi/Dropbox/Insper/3s-ElementoDeSistemas/4-Projetos/C-LogicaCombinacional/src/rtl/Mux4Way.vhd
    Info (12022): Found design unit 1: Mux4Way-arch File: /home/corsi/Dropbox/Insper/3s-ElementoDeSistemas/4-Projetos/C-LogicaCombinacional/src/rtl/Mux4Way.vhd Line: 18
    Info (12023): Found entity 1: Mux4Way File: /home/corsi/Dropbox/Insper/3s-ElementoDeSistemas/4-Projetos/C-LogicaCombinacional/src/rtl/Mux4Way.vhd Line: 8
Info (12021): Found 2 design units, including 1 entities, in source file /home/corsi/Dropbox/Insper/3s-ElementoDeSistemas/4-Projetos/C-LogicaCombinacional/src/rtl/Mux2Way.vhd
    Info (12022): Found design unit 1: Mux2Way-arch File: /home/corsi/Dropbox/Insper/3s-ElementoDeSistemas/4-Projetos/C-LogicaCombinacional/src/rtl/Mux2Way.vhd Line: 16
    Info (12023): Found entity 1: Mux2Way File: /home/corsi/Dropbox/Insper/3s-ElementoDeSistemas/4-Projetos/C-LogicaCombinacional/src/rtl/Mux2Way.vhd Line: 8
Info (12021): Found 2 design units, including 1 entities, in source file /home/corsi/Dropbox/Insper/3s-ElementoDeSistemas/4-Projetos/C-LogicaCombinacional/src/rtl/DMux8Way16.vhd
    Info (12022): Found design unit 1: DMux8Way16-arch File: /home/corsi/Dropbox/Insper/3s-ElementoDeSistemas/4-Projetos/C-LogicaCombinacional/src/rtl/DMux8Way16.vhd Line: 23
    Info (12023): Found entity 1: DMux8Way16 File: /home/corsi/Dropbox/Insper/3s-ElementoDeSistemas/4-Projetos/C-LogicaCombinacional/src/rtl/DMux8Way16.vhd Line: 8
Info (12021): Found 2 design units, including 1 entities, in source file /home/corsi/Dropbox/Insper/3s-ElementoDeSistemas/4-Projetos/C-LogicaCombinacional/src/rtl/DMux8Way.vhd
    Info (12022): Found design unit 1: DMux8Way-arch File: /home/corsi/Dropbox/Insper/3s-ElementoDeSistemas/4-Projetos/C-LogicaCombinacional/src/rtl/DMux8Way.vhd Line: 22
    Info (12023): Found entity 1: DMux8Way File: /home/corsi/Dropbox/Insper/3s-ElementoDeSistemas/4-Projetos/C-LogicaCombinacional/src/rtl/DMux8Way.vhd Line: 8
Info (12021): Found 2 design units, including 1 entities, in source file /home/corsi/Dropbox/Insper/3s-ElementoDeSistemas/4-Projetos/C-LogicaCombinacional/src/rtl/DMux4Way.vhd
    Info (12022): Found design unit 1: DMux4Way-arch File: /home/corsi/Dropbox/Insper/3s-ElementoDeSistemas/4-Projetos/C-LogicaCombinacional/src/rtl/DMux4Way.vhd Line: 18
    Info (12023): Found entity 1: DMux4Way File: /home/corsi/Dropbox/Insper/3s-ElementoDeSistemas/4-Projetos/C-LogicaCombinacional/src/rtl/DMux4Way.vhd Line: 8
Info (12021): Found 2 design units, including 1 entities, in source file /home/corsi/Dropbox/Insper/3s-ElementoDeSistemas/4-Projetos/C-LogicaCombinacional/src/rtl/DMux2Way.vhd
    Info (12022): Found design unit 1: DMux2Way-arch File: /home/corsi/Dropbox/Insper/3s-ElementoDeSistemas/4-Projetos/C-LogicaCombinacional/src/rtl/DMux2Way.vhd Line: 16
    Info (12023): Found entity 1: DMux2Way File: /home/corsi/Dropbox/Insper/3s-ElementoDeSistemas/4-Projetos/C-LogicaCombinacional/src/rtl/DMux2Way.vhd Line: 8
Info (12021): Found 2 design units, including 1 entities, in source file /home/corsi/Dropbox/Insper/3s-ElementoDeSistemas/4-Projetos/C-LogicaCombinacional/src/rtl/BarrelShifter16.vhd
    Info (12022): Found design unit 1: BarrelShifter16-arch File: /home/corsi/Dropbox/Insper/3s-ElementoDeSistemas/4-Projetos/C-LogicaCombinacional/src/rtl/BarrelShifter16.vhd Line: 17
    Info (12023): Found entity 1: BarrelShifter16 File: /home/corsi/Dropbox/Insper/3s-ElementoDeSistemas/4-Projetos/C-LogicaCombinacional/src/rtl/BarrelShifter16.vhd Line: 9
Info (12021): Found 2 design units, including 1 entities, in source file /home/corsi/Dropbox/Insper/3s-ElementoDeSistemas/4-Projetos/C-LogicaCombinacional/src/rtl/BarrelShifter8.vhd
    Info (12022): Found design unit 1: BarrelShifter8-arch File: /home/corsi/Dropbox/Insper/3s-ElementoDeSistemas/4-Projetos/C-LogicaCombinacional/src/rtl/BarrelShifter8.vhd Line: 17
    Info (12023): Found entity 1: BarrelShifter8 File: /home/corsi/Dropbox/Insper/3s-ElementoDeSistemas/4-Projetos/C-LogicaCombinacional/src/rtl/BarrelShifter8.vhd Line: 9
Info (12021): Found 2 design units, including 1 entities, in source file /home/corsi/Dropbox/Insper/3s-ElementoDeSistemas/4-Projetos/C-LogicaCombinacional/src/rtl/And16.vhd
    Info (12022): Found design unit 1: And16-arch File: /home/corsi/Dropbox/Insper/3s-ElementoDeSistemas/4-Projetos/C-LogicaCombinacional/src/rtl/And16.vhd Line: 15
    Info (12023): Found entity 1: And16 File: /home/corsi/Dropbox/Insper/3s-ElementoDeSistemas/4-Projetos/C-LogicaCombinacional/src/rtl/And16.vhd Line: 8
Info (12127): Elaborating entity "TopLevel" for the top level hierarchy
Warning (10540): VHDL Signal Declaration warning at TopLevel.vhd(35): used explicit default value for signal "x" because signal was never assigned a value File: /home/corsi/Dropbox/Insper/3s-ElementoDeSistemas/4-Projetos/D-Unidade-Logica-Aritmetica/src/TopLevel.vhd Line: 35
Warning (10540): VHDL Signal Declaration warning at TopLevel.vhd(36): used explicit default value for signal "y" because signal was never assigned a value File: /home/corsi/Dropbox/Insper/3s-ElementoDeSistemas/4-Projetos/D-Unidade-Logica-Aritmetica/src/TopLevel.vhd Line: 36
Critical Warning (10920): VHDL Incomplete Partial Association warning at TopLevel.vhd(65): port or argument "saida" has 8/16 unassociated elements File: /home/corsi/Dropbox/Insper/3s-ElementoDeSistemas/4-Projetos/D-Unidade-Logica-Aritmetica/src/TopLevel.vhd Line: 65
Info (12128): Elaborating entity "ALU" for hierarchy "ALU:ula0" File: /home/corsi/Dropbox/Insper/3s-ElementoDeSistemas/4-Projetos/D-Unidade-Logica-Aritmetica/src/TopLevel.vhd Line: 65
Info (12128): Elaborating entity "zerador16" for hierarchy "ALU:ula0|zerador16:u0" File: /home/corsi/Dropbox/Insper/3s-ElementoDeSistemas/4-Projetos/D-Unidade-Logica-Aritmetica/src/rtl/ALU.vhd Line: 96
Info (12128): Elaborating entity "inversor16" for hierarchy "ALU:ula0|inversor16:u1" File: /home/corsi/Dropbox/Insper/3s-ElementoDeSistemas/4-Projetos/D-Unidade-Logica-Aritmetica/src/rtl/ALU.vhd Line: 97
Info (12128): Elaborating entity "Add16" for hierarchy "ALU:ula0|Add16:u4" File: /home/corsi/Dropbox/Insper/3s-ElementoDeSistemas/4-Projetos/D-Unidade-Logica-Aritmetica/src/rtl/ALU.vhd Line: 100
Info (12128): Elaborating entity "FullAdder" for hierarchy "ALU:ula0|Add16:u4|FullAdder:u0" File: /home/corsi/Dropbox/Insper/3s-ElementoDeSistemas/4-Projetos/D-Unidade-Logica-Aritmetica/src/rtl/Add16.vhd Line: 32
Info (12128): Elaborating entity "And16" for hierarchy "ALU:ula0|And16:u5" File: /home/corsi/Dropbox/Insper/3s-ElementoDeSistemas/4-Projetos/D-Unidade-Logica-Aritmetica/src/rtl/ALU.vhd Line: 101
Info (12128): Elaborating entity "Mux16" for hierarchy "ALU:ula0|Mux16:u6" File: /home/corsi/Dropbox/Insper/3s-ElementoDeSistemas/4-Projetos/D-Unidade-Logica-Aritmetica/src/rtl/ALU.vhd Line: 102
Info (12128): Elaborating entity "comparador16" for hierarchy "ALU:ula0|comparador16:u8" File: /home/corsi/Dropbox/Insper/3s-ElementoDeSistemas/4-Projetos/D-Unidade-Logica-Aritmetica/src/rtl/ALU.vhd Line: 104
Info (286030): Timing-Driven Synthesis is running
Info (16010): Generating hard_block partition "hard_block:auto_generated_inst"
    Info (16011): Adding 0 node(s), including 0 DDIO, 0 PLL, 0 transceiver and 0 LCELL
Warning (21074): Design contains 4 input pin(s) that do not drive logic
    Warning (15610): No output dependent on input pin "SW[6]" File: /home/corsi/Dropbox/Insper/3s-ElementoDeSistemas/4-Projetos/D-Unidade-Logica-Aritmetica/src/TopLevel.vhd Line: 21
    Warning (15610): No output dependent on input pin "SW[7]" File: /home/corsi/Dropbox/Insper/3s-ElementoDeSistemas/4-Projetos/D-Unidade-Logica-Aritmetica/src/TopLevel.vhd Line: 21
    Warning (15610): No output dependent on input pin "SW[8]" File: /home/corsi/Dropbox/Insper/3s-ElementoDeSistemas/4-Projetos/D-Unidade-Logica-Aritmetica/src/TopLevel.vhd Line: 21
    Warning (15610): No output dependent on input pin "SW[9]" File: /home/corsi/Dropbox/Insper/3s-ElementoDeSistemas/4-Projetos/D-Unidade-Logica-Aritmetica/src/TopLevel.vhd Line: 21
Info (21057): Implemented 30 device resources after synthesis - the final resource count might be different
    Info (21058): Implemented 10 input pins
    Info (21059): Implemented 10 output pins
    Info (21061): Implemented 10 logic cells
Info: Quartus Prime Analysis & Synthesis was successful. 0 errors, 9 warnings
    Info: Peak virtual memory: 1027 megabytes
    Info: Processing ended: Wed Mar 14 10:42:40 2018
    Info: Elapsed time: 00:00:24
    Info: Total CPU time (on all processors): 00:00:54


