         ps                              clock      instruction           pcout        s_regDout        s_regSout        s_regAout  sel  sel             outM  writeM              inM             
     501000                                  1 0000000000000001 000000000000001 0000000000000000 0000000000000000 0000000000000001    0    0 0000000000000000       0 0000000000000000 
     601000                                  1 1111100000010000 000000000000010 0000000000000001 0000000000000000 0000000000000001    1    1 0000000000000001       0 0000000000000001 
     701000                                  1 0000000000001010 000000000000011 0000000000000001 0000000000000000 0000000000001010    0    0 0000000000000000       0 0000000000000001 
     801000                                  1 1100011000000100 000000000000100 0000000000000001 0000000000000000 0000000000001010    0    1 0000000000000001       0 0000000000000000 
     901000                                  1 1101010100000000 000000000000101 0000000000000001 0000000000000000 0000000000001010    0    1 0000000000000000       0 0000000000000000 
    1001000                                  1 0000000000000000 000000000000110 0000000000000001 0000000000000000 0000000000000000    0    0 0000000000000000       0 0000000000000000 
    1101000                                  1 1100011000001000 000000000000111 0000000000000001 0000000000000000 0000000000000000    0    1 0000000000000001       1 0000000000000001 
    1201000                                  1 0000000000001101 000000000001000 0000000000000001 0000000000000000 0000000000001101    0    0 0000000000000000       0 0000000000000001 
    1301000                                  1 1100011000000111 000000000001101 0000000000000001 0000000000000000 0000000000001101    0    1 0000000000000001       0 0000000000000000 
    1401000                                  1 0000000000001101 000000000001110 0000000000000001 0000000000000000 0000000000001101    0    0 0000000000000000       0 0000000000000000 
    1501000                                  1 1100011000000111 000000000001101 0000000000000001 0000000000000000 0000000000001101    0    1 0000000000000001       0 0000000000000000 
    1601000                                  1 0000000000001101 000000000001110 0000000000000001 0000000000000000 0000000000001101    0    0 0000000000000000       0 0000000000000000 
    1701000                                  1 1100011000000111 000000000001101 0000000000000001 0000000000000000 0000000000001101    0    1 0000000000000001       0 0000000000000000 
    1801000                                  1 0000000000001101 000000000001110 0000000000000001 0000000000000000 0000000000001101    0    0 0000000000000000       0 0000000000000000 
    1901000                                  1 1100011000000111 000000000001101 0000000000000001 0000000000000000 0000000000001101    0    1 0000000000000001       0 0000000000000000 
    2001000                                  1 0000000000001101 000000000001110 0000000000000001 0000000000000000 0000000000001101    0    0 0000000000000000       0 0000000000000000 
    2101000                                  1 1100011000000111 000000000001101 0000000000000001 0000000000000000 0000000000001101    0    1 0000000000000001       0 0000000000000000 
    2201000                                  1 0000000000001101 000000000001110 0000000000000001 0000000000000000 0000000000001101    0    0 0000000000000000       0 0000000000000000 
    2301000                                  1 1100011000000111 000000000001101 0000000000000001 0000000000000000 0000000000001101    0    1 0000000000000001       0 0000000000000000 
    2401000                                  1 0000000000001101 000000000001110 0000000000000001 0000000000000000 0000000000001101    0    0 0000000000000000       0 0000000000000000 
    2501000                                  1 1100011000000111 000000000001101 0000000000000001 0000000000000000 0000000000001101    0    1 0000000000000001       0 0000000000000000 
    2601000                                  1 0000000000001101 000000000001110 0000000000000001 0000000000000000 0000000000001101    0    0 0000000000000000       0 0000000000000000 
    2701000                                  1 1100011000000111 000000000001101 0000000000000001 0000000000000000 0000000000001101    0    1 0000000000000001       0 0000000000000000 
    2801000                                  1 0000000000001101 000000000001110 0000000000000001 0000000000000000 0000000000001101    0    0 0000000000000000       0 0000000000000000 
    2901000                                  1 1100011000000111 000000000001101 0000000000000001 0000000000000000 0000000000001101    0    1 0000000000000001       0 0000000000000000 
    3001000                                  1 0000000000001101 000000000001110 0000000000000001 0000000000000000 0000000000001101    0    0 0000000000000000       0 0000000000000000 
    3101000                                  1 1100011000000111 000000000001101 0000000000000001 0000000000000000 0000000000001101    0    1 0000000000000001       0 0000000000000000 
    3201000                                  1 0000000000001101 000000000001110 0000000000000001 0000000000000000 0000000000001101    0    0 0000000000000000       0 0000000000000000 
    3301000                                  1 1100011000000111 000000000001101 0000000000000001 0000000000000000 0000000000001101    0    1 0000000000000001       0 0000000000000000 
    3401000                                  1 0000000000001101 000000000001110 0000000000000001 0000000000000000 0000000000001101    0    0 0000000000000000       0 0000000000000000 
    3501000                                  1 1100011000000111 000000000001101 0000000000000001 0000000000000000 0000000000001101    0    1 0000000000000001       0 0000000000000000 
    3601000                                  1 0000000000001101 000000000001110 0000000000000001 0000000000000000 0000000000001101    0    0 0000000000000000       0 0000000000000000 
    3701000                                  1 1100011000000111 000000000001101 0000000000000001 0000000000000000 0000000000001101    0    1 0000000000000001       0 0000000000000000 
    3801000                                  1 0000000000001101 000000000001110 0000000000000001 0000000000000000 0000000000001101    0    0 0000000000000000       0 0000000000000000 
    3901000                                  1 1100011000000111 000000000001101 0000000000000001 0000000000000000 0000000000001101    0    1 0000000000000001       0 0000000000000000 
    4001000                                  1 0000000000001101 000000000001110 0000000000000001 0000000000000000 0000000000001101    0    0 0000000000000000       0 0000000000000000 
    4101000                                  1 1100011000000111 000000000001101 0000000000000001 0000000000000000 0000000000001101    0    1 0000000000000001       0 0000000000000000 
    4201000                                  1 0000000000001101 000000000001110 0000000000000001 0000000000000000 0000000000001101    0    0 0000000000000000       0 0000000000000000 
    4301000                                  1 1100011000000111 000000000001101 0000000000000001 0000000000000000 0000000000001101    0    1 0000000000000001       0 0000000000000000 
    4401000                                  1 0000000000001101 000000000001110 0000000000000001 0000000000000000 0000000000001101    0    0 0000000000000000       0 0000000000000000 
    4501000                                  1 1100011000000111 000000000001101 0000000000000001 0000000000000000 0000000000001101    0    1 0000000000000001       0 0000000000000000 
    4601000                                  1 0000000000001101 000000000001110 0000000000000001 0000000000000000 0000000000001101    0    0 0000000000000000       0 0000000000000000 
    4701000                                  1 1100011000000111 000000000001101 0000000000000001 0000000000000000 0000000000001101    0    1 0000000000000001       0 0000000000000000 
    4801000                                  1 0000000000001101 000000000001110 0000000000000001 0000000000000000 0000000000001101    0    0 0000000000000000       0 0000000000000000 
    4901000                                  1 1100011000000111 000000000001101 0000000000000001 0000000000000000 0000000000001101    0    1 0000000000000001       0 0000000000000000 
    5001000                                  1 0000000000001101 000000000001110 0000000000000001 0000000000000000 0000000000001101    0    0 0000000000000000       0 0000000000000000 
    5101000                                  1 1100011000000111 000000000001101 0000000000000001 0000000000000000 0000000000001101    0    1 0000000000000001       0 0000000000000000 
    5201000                                  1 0000000000001101 000000000001110 0000000000000001 0000000000000000 0000000000001101    0    0 0000000000000000       0 0000000000000000 
    5301000                                  1 1100011000000111 000000000001101 0000000000000001 0000000000000000 0000000000001101    0    1 0000000000000001       0 0000000000000000 
    5401000                                  1 0000000000001101 000000000001110 0000000000000001 0000000000000000 0000000000001101    0    0 0000000000000000       0 0000000000000000 
    5501000                                  1 1100011000000111 000000000001101 0000000000000001 0000000000000000 0000000000001101    0    1 0000000000000001       0 0000000000000000 
    5601000                                  1 0000000000001101 000000000001110 0000000000000001 0000000000000000 0000000000001101    0    0 0000000000000000       0 0000000000000000 
    5701000                                  1 1100011000000111 000000000001101 0000000000000001 0000000000000000 0000000000001101    0    1 0000000000000001       0 0000000000000000 
    5801000                                  1 0000000000001101 000000000001110 0000000000000001 0000000000000000 0000000000001101    0    0 0000000000000000       0 0000000000000000 
    5901000                                  1 1100011000000111 000000000001101 0000000000000001 0000000000000000 0000000000001101    0    1 0000000000000001       0 0000000000000000 
    6001000                                  1 0000000000001101 000000000001110 0000000000000001 0000000000000000 0000000000001101    0    0 0000000000000000       0 0000000000000000 
    6101000                                  1 1100011000000111 000000000001101 0000000000000001 0000000000000000 0000000000001101    0    1 0000000000000001       0 0000000000000000 
    6201000                                  1 0000000000001101 000000000001110 0000000000000001 0000000000000000 0000000000001101    0    0 0000000000000000       0 0000000000000000 
    6301000                                  1 1100011000000111 000000000001101 0000000000000001 0000000000000000 0000000000001101    0    1 0000000000000001       0 0000000000000000 
    6401000                                  1 0000000000001101 000000000001110 0000000000000001 0000000000000000 0000000000001101    0    0 0000000000000000       0 0000000000000000 
    6501000                                  1 1100011000000111 000000000001101 0000000000000001 0000000000000000 0000000000001101    0    1 0000000000000001       0 0000000000000000 
    6601000                                  1 0000000000001101 000000000001110 0000000000000001 0000000000000000 0000000000001101    0    0 0000000000000000       0 0000000000000000 
    6701000                                  1 1100011000000111 000000000001101 0000000000000001 0000000000000000 0000000000001101    0    1 0000000000000001       0 0000000000000000 
    6801000                                  1 0000000000001101 000000000001110 0000000000000001 0000000000000000 0000000000001101    0    0 0000000000000000       0 0000000000000000 
    6901000                                  1 1100011000000111 000000000001101 0000000000000001 0000000000000000 0000000000001101    0    1 0000000000000001       0 0000000000000000 
    7001000                                  1 0000000000001101 000000000001110 0000000000000001 0000000000000000 0000000000001101    0    0 0000000000000000       0 0000000000000000 
    7101000                                  1 1100011000000111 000000000001101 0000000000000001 0000000000000000 0000000000001101    0    1 0000000000000001       0 0000000000000000 
    7201000                                  1 0000000000001101 000000000001110 0000000000000001 0000000000000000 0000000000001101    0    0 0000000000000000       0 0000000000000000 
    7301000                                  1 1100011000000111 000000000001101 0000000000000001 0000000000000000 0000000000001101    0    1 0000000000000001       0 0000000000000000 
    7401000                                  1 0000000000001101 000000000001110 0000000000000001 0000000000000000 0000000000001101    0    0 0000000000000000       0 0000000000000000 
    7501000                                  1 1100011000000111 000000000001101 0000000000000001 0000000000000000 0000000000001101    0    1 0000000000000001       0 0000000000000000 
    7601000                                  1 0000000000001101 000000000001110 0000000000000001 0000000000000000 0000000000001101    0    0 0000000000000000       0 0000000000000000 
    7701000                                  1 1100011000000111 000000000001101 0000000000000001 0000000000000000 0000000000001101    0    1 0000000000000001       0 0000000000000000 
    7801000                                  1 0000000000001101 000000000001110 0000000000000001 0000000000000000 0000000000001101    0    0 0000000000000000       0 0000000000000000 
    7901000                                  1 1100011000000111 000000000001101 0000000000000001 0000000000000000 0000000000001101    0    1 0000000000000001       0 0000000000000000 
    8001000                                  1 0000000000001101 000000000001110 0000000000000001 0000000000000000 0000000000001101    0    0 0000000000000000       0 0000000000000000 
    8101000                                  1 1100011000000111 000000000001101 0000000000000001 0000000000000000 0000000000001101    0    1 0000000000000001       0 0000000000000000 
    8201000                                  1 0000000000001101 000000000001110 0000000000000001 0000000000000000 0000000000001101    0    0 0000000000000000       0 0000000000000000 
    8301000                                  1 1100011000000111 000000000001101 0000000000000001 0000000000000000 0000000000001101    0    1 0000000000000001       0 0000000000000000 
    8401000                                  1 0000000000001101 000000000001110 0000000000000001 0000000000000000 0000000000001101    0    0 0000000000000000       0 0000000000000000 
    8501000                                  1 1100011000000111 000000000001101 0000000000000001 0000000000000000 0000000000001101    0    1 0000000000000001       0 0000000000000000 
    8601000                                  1 0000000000001101 000000000001110 0000000000000001 0000000000000000 0000000000001101    0    0 0000000000000000       0 0000000000000000 
    8701000                                  1 1100011000000111 000000000001101 0000000000000001 0000000000000000 0000000000001101    0    1 0000000000000001       0 0000000000000000 
    8801000                                  1 0000000000001101 000000000001110 0000000000000001 0000000000000000 0000000000001101    0    0 0000000000000000       0 0000000000000000 
    8901000                                  1 1100011000000111 000000000001101 0000000000000001 0000000000000000 0000000000001101    0    1 0000000000000001       0 0000000000000000 
    9001000                                  1 0000000000001101 000000000001110 0000000000000001 0000000000000000 0000000000001101    0    0 0000000000000000       0 0000000000000000 
    9101000                                  1 1100011000000111 000000000001101 0000000000000001 0000000000000000 0000000000001101    0    1 0000000000000001       0 0000000000000000 
    9201000                                  1 0000000000001101 000000000001110 0000000000000001 0000000000000000 0000000000001101    0    0 0000000000000000       0 0000000000000000 
    9301000                                  1 1100011000000111 000000000001101 0000000000000001 0000000000000000 0000000000001101    0    1 0000000000000001       0 0000000000000000 
    9401000                                  1 0000000000001101 000000000001110 0000000000000001 0000000000000000 0000000000001101    0    0 0000000000000000       0 0000000000000000 
    9501000                                  1 1100011000000111 000000000001101 0000000000000001 0000000000000000 0000000000001101    0    1 0000000000000001       0 0000000000000000 
    9601000                                  1 0000000000001101 000000000001110 0000000000000001 0000000000000000 0000000000001101    0    0 0000000000000000       0 0000000000000000 
    9701000                                  1 1100011000000111 000000000001101 0000000000000001 0000000000000000 0000000000001101    0    1 0000000000000001       0 0000000000000000 
    9801000                                  1 0000000000001101 000000000001110 0000000000000001 0000000000000000 0000000000001101    0    0 0000000000000000       0 0000000000000000 
    9901000                                  1 1100011000000111 000000000001101 0000000000000001 0000000000000000 0000000000001101    0    1 0000000000000001       0 0000000000000000 
